==== Unified Check : Wednesday 28 January 2026 07:59:48 PM IST ====
CPU OK: 3%
MEMORY OK: 29%
==== Unified Check : Thursday 29 January 2026 10:28:53 AM IST ====
CPU OK: 4%
MEMORY OK: 28%
DISK OK: 9%
NETWORK OK
==== Unified Check : Thursday 29 January 2026 10:32:41 PM IST ====
CPU OK: 3%
MEMORY OK: 29%
DISK OK: 9%
NETWORK OK
LOG ANOMALY DETECTED: 3060 errors
==== Unified Check : Thursday 29 January 2026 10:34:42 PM IST ====
CPU OK: 6%
MEMORY OK: 29%
DISK OK: 9%
NETWORK OK
LOG ANOMALY DETECTED: 3078 errors
LOG ANOMALY DETECTED: 3078 errors
==== Unified Check : Thursday 29 January 2026 10:39:30 PM IST ====
CPU OK: 4%
MEMORY OK: 30%
DISK OK: 9%
NETWORK OK
LOG ANOMALY DETECTED: 3142 errors
LOG ANOMALY DETECTED: 3142 errors
==== Unified Check : Thursday 29 January 2026 10:42:38 PM IST ====
CPU OK: 7%
MEMORY OK: 30%
DISK OK: 9%
NETWORK OK
LOG ANOMALY DETECTED: 3179 errors
LOG ANOMALY DETECTED: 3179 errors
SYSTEM HEALTH: CRITICAL
==== Unified Check : Thursday 29 January 2026 10:43:29 PM IST ====
CPU OK: 4%
MEMORY OK: 30%
DISK OK: 9%
NETWORK OK
LOG ANOMALY DETECTED: 3191 errors
LOG ANOMALY DETECTED: 3191 errors
SYSTEM HEALTH: CRITICAL
==== Unified Check : Thursday 29 January 2026 10:48:29 PM IST ====
CPU OK: 4%
MEMORY OK: 30%
DISK OK: 9%
NETWORK OK
LOG ANOMALY DETECTED: 3252 errors
LOG ANOMALY DETECTED: 3252 errors
SYSTEM HEALTH: CRITICAL
==== Unified Check : Thursday 29 January 2026 11:02:52 PM IST ====
CPU OK: 6%
MEMORY OK: 29%
DISK OK: 9%
NETWORK OK
LOG ANOMALY DETECTED: 3428 errors
LOG ANOMALY DETECTED: 3428 errors
SYSTEM HEALTH: CRITICAL
==== Unified Check : Thursday 29 January 2026 11:06:35 PM IST ====
CPU OK: 4%
MEMORY OK: 31%
DISK OK: 9%
NETWORK OK
LOG ANOMALY DETECTED: 3475 errors
LOG ANOMALY DETECTED: 3475 errors
SYSTEM HEALTH: CRITICAL
